<?xml version="1.0" encoding="UTF-8"?>
<!-- Generated by org.testng.reporters.JUnitReportReporter -->
<testsuite hostname="SANFORD-QA4L" failures="0" tests="1" name="testCases.NewTest" time="16.865" errors="0" timestamp="2022-03-03T20:20:30 IST" skipped="0">
  <testcase classname="testCases.NewTest" name="createChart" time="16.865"/>
  <system-out/>
</testsuite> <!-- testCases.NewTest -->
