<?xml version="1.0" encoding="UTF-8"?>
<!-- Generated by org.testng.reporters.JUnitReportReporter -->
<testsuite hostname="SANFORD-QA4L" failures="0" tests="1" name="testCases.NewTest06" time="15.010" errors="0" timestamp="2022-03-03T19:25:42 IST" skipped="0">
  <testcase classname="testCases.NewTest06" name="addProject" time="15.010"/>
  <system-out/>
</testsuite> <!-- testCases.NewTest06 -->
