<?xml version="1.0" encoding="UTF-8"?>
<!-- Generated by org.testng.reporters.JUnitReportReporter -->
<testsuite hostname="SANFORD-QA4L" failures="0" tests="1" name="testCases.NewTest02" time="9.392" errors="0" timestamp="2022-03-01T12:46:22 IST" skipped="0">
  <testcase classname="testCases.NewTest02" name="validLoginWithTraineeUser" time="9.392"/>
  <system-out/>
</testsuite> <!-- testCases.NewTest02 -->
