<?xml version="1.0" encoding="UTF-8"?>
<!-- Generated by org.testng.reporters.JUnitReportReporter -->
<testsuite hostname="SANFORD-QA4L" failures="0" tests="1" name="testCases.NewTest03" time="13.798" errors="0" timestamp="2022-03-01T14:10:54 IST" skipped="0">
  <testcase classname="testCases.NewTest03" name="SectionsVisible" time="13.798"/>
  <system-out/>
</testsuite> <!-- testCases.NewTest03 -->
