<?xml version="1.0" encoding="UTF-8"?>
<!-- Generated by org.testng.reporters.JUnitReportReporter -->
<testsuite hostname="SANFORD-QA4L" failures="0" tests="1" name="testCases.NewTest07" time="21.727" errors="0" timestamp="2022-03-08T16:54:23 IST" skipped="0">
  <testcase classname="testCases.NewTest07" name="viewMonthlyReport" time="21.727"/>
  <system-out/>
</testsuite> <!-- testCases.NewTest07 -->
