<?xml version="1.0" encoding="UTF-8"?>
<!-- Generated by org.testng.reporters.JUnitReportReporter -->
<testsuite hostname="SANFORD-QA4L" failures="0" tests="1" name="testCases.NewTest05" time="16.562" errors="0" timestamp="2022-03-01T19:20:26 IST" skipped="0">
  <testcase classname="testCases.NewTest05" name="addCustomer" time="16.562"/>
  <system-out/>
</testsuite> <!-- testCases.NewTest05 -->
