<?xml version="1.0" encoding="UTF-8"?>
<!-- Generated by org.testng.reporters.JUnitReportReporter -->
<testsuite hostname="SANFORD-QA4L" failures="0" tests="1" name="testCases.NewTest08" time="17.306" errors="0" timestamp="2022-03-03T20:03:14 IST" skipped="0">
  <testcase classname="testCases.NewTest08" name="viewMonthlyReport" time="17.306"/>
  <system-out/>
</testsuite> <!-- testCases.NewTest08 -->
