<?xml version="1.0" encoding="UTF-8"?>
<!-- Generated by org.testng.reporters.JUnitReportReporter -->
<testsuite hostname="SANFORD-QA4L" failures="0" tests="1" name="testCases.NewTest09" time="17.058" errors="0" timestamp="2022-03-03T20:44:20 IST" skipped="0">
  <testcase classname="testCases.NewTest09" name="createChart" time="17.058"/>
  <system-out/>
</testsuite> <!-- testCases.NewTest09 -->
