<?xml version="1.0" encoding="UTF-8"?>
<!-- Generated by org.testng.reporters.JUnitReportReporter -->
<testsuite hostname="SANFORD-QA4L" failures="0" tests="1" name="testCases.UtilityPratice" time="0.598" errors="0" timestamp="2022-03-08T16:55:12 IST" skipped="0">
  <testcase classname="testCases.UtilityPratice" name="tc01" time="0.598"/>
  <system-out/>
</testsuite> <!-- testCases.UtilityPratice -->
