<?xml version="1.0" encoding="UTF-8"?>
<!-- Generated by org.testng.reporters.JUnitReportReporter -->
<testsuite hostname="SANFORD-QA4L" failures="0" tests="1" name="testCases.NewTest001" time="13.398" errors="0" timestamp="2022-02-27T22:03:01 IST" skipped="0">
  <testcase classname="testCases.NewTest001" name="SectionsVisible" time="13.398"/>
  <system-out/>
</testsuite> <!-- testCases.NewTest001 -->
