<?xml version="1.0" encoding="UTF-8"?>
<!-- Generated by org.testng.reporters.JUnitReportReporter -->
<testsuite hostname="SANFORD-QA4L" failures="0" tests="1" name="testCases.Test1" time="0.488" errors="0" timestamp="2022-03-05T11:16:36 IST" skipped="0">
  <testcase classname="testCases.Test1" name="tc01" time="0.488"/>
  <system-out/>
</testsuite> <!-- testCases.Test1 -->
