<?xml version="1.0" encoding="UTF-8"?>
<!-- Generated by org.testng.reporters.JUnitReportReporter -->
<testsuite hostname="SANFORD-QA4L" failures="0" tests="1" name="testCases.TC01" time="13.270" errors="0" timestamp="2022-03-01T18:50:29 IST" skipped="0">
  <testcase classname="testCases.TC01" name="tc01" time="13.270"/>
  <system-out/>
</testsuite> <!-- testCases.TC01 -->
